Analysis & Synthesis report for lab1
Sun Jan 25 20:43:37 2026
Quartus Prime Version 25.1std.0 Build 1129 10/21/2025 SC Lite Edition


---------------------
; Table of Contents ;
---------------------
  1. Legal Notice
  2. Analysis & Synthesis Summary
  3. Analysis & Synthesis Settings
  4. Parallel Compilation
  5. Analysis & Synthesis Source Files Read
  6. Analysis & Synthesis Resource Usage Summary
  7. Analysis & Synthesis Resource Utilization by Entity
  8. State Machine - |FibFSM|state
  9. Registers Removed During Synthesis
 10. Removed Registers Triggering Further Register Optimizations
 11. General Register Statistics
 12. Inverted Register Statistics
 13. Parameter Settings for User Entity Instance: Top-level Entity: |FibFSM
 14. Post-Synthesis Netlist Statistics for Top Partition
 15. Elapsed Time Per Partition
 16. Analysis & Synthesis Messages



----------------
; Legal Notice ;
----------------
Copyright (C) 2025  Altera Corporation. All rights reserved.
Your use of Altera Corporation's design tools, logic functions 
and other software and tools, and any partner logic 
functions, and any output files from any of the foregoing 
(including device programming or simulation files), and any 
associated documentation or information are expressly subject 
to the terms and conditions of the Altera Program License 
Subscription Agreement, the Altera Quartus Prime License Agreement,
the Altera IP License Agreement, or other applicable license
agreement, including, without limitation, that your use is for
the sole purpose of programming logic devices manufactured by
Altera and sold by Altera or its authorized distributors.  Please
refer to the Altera Software License Subscription Agreements 
on the Quartus Prime software download page.



+-----------------------------------------------------------------------------------+
; Analysis & Synthesis Summary                                                      ;
+---------------------------------+-------------------------------------------------+
; Analysis & Synthesis Status     ; Successful - Sun Jan 25 20:43:37 2026           ;
; Quartus Prime Version           ; 25.1std.0 Build 1129 10/21/2025 SC Lite Edition ;
; Revision Name                   ; lab1                                            ;
; Top-level Entity Name           ; FibFSM                                          ;
; Family                          ; Cyclone V                                       ;
; Logic utilization (in ALMs)     ; N/A                                             ;
; Total registers                 ; 28                                              ;
; Total pins                      ; 48                                              ;
; Total virtual pins              ; 0                                               ;
; Total block memory bits         ; 0                                               ;
; Total DSP Blocks                ; 0                                               ;
; Total HSSI RX PCSs              ; 0                                               ;
; Total HSSI PMA RX Deserializers ; 0                                               ;
; Total HSSI TX PCSs              ; 0                                               ;
; Total HSSI PMA TX Serializers   ; 0                                               ;
; Total PLLs                      ; 0                                               ;
; Total DLLs                      ; 0                                               ;
+---------------------------------+-------------------------------------------------+


+---------------------------------------------------------------------------------------------------------------------------+
; Analysis & Synthesis Settings                                                                                             ;
+---------------------------------------------------------------------------------+--------------------+--------------------+
; Option                                                                          ; Setting            ; Default Value      ;
+---------------------------------------------------------------------------------+--------------------+--------------------+
; Device                                                                          ; 5CSEMA5F31C6       ;                    ;
; Top-level entity name                                                           ; FibFSM             ; lab1               ;
; Family name                                                                     ; Cyclone V          ; Cyclone V          ;
; Use smart compilation                                                           ; Off                ; Off                ;
; Enable parallel Assembler and Timing Analyzer during compilation                ; On                 ; On                 ;
; Enable compact report table                                                     ; Off                ; Off                ;
; Restructure Multiplexers                                                        ; Auto               ; Auto               ;
; MLAB Add Timing Constraints For Mixed-Port Feed-Through Mode Setting Don't Care ; Off                ; Off                ;
; Create Debugging Nodes for IP Cores                                             ; Off                ; Off                ;
; Preserve fewer node names                                                       ; On                 ; On                 ;
; Intel FPGA IP Evaluation Mode                                                   ; Enable             ; Enable             ;
; Verilog Version                                                                 ; Verilog_2001       ; Verilog_2001       ;
; VHDL Version                                                                    ; VHDL_1993          ; VHDL_1993          ;
; State Machine Processing                                                        ; Auto               ; Auto               ;
; Safe State Machine                                                              ; Off                ; Off                ;
; Extract Verilog State Machines                                                  ; On                 ; On                 ;
; Extract VHDL State Machines                                                     ; On                 ; On                 ;
; Ignore Verilog initial constructs                                               ; Off                ; Off                ;
; Iteration limit for constant Verilog loops                                      ; 5000               ; 5000               ;
; Iteration limit for non-constant Verilog loops                                  ; 250                ; 250                ;
; Add Pass-Through Logic to Inferred RAMs                                         ; On                 ; On                 ;
; Infer RAMs from Raw Logic                                                       ; On                 ; On                 ;
; Parallel Synthesis                                                              ; On                 ; On                 ;
; DSP Block Balancing                                                             ; Auto               ; Auto               ;
; NOT Gate Push-Back                                                              ; On                 ; On                 ;
; Power-Up Don't Care                                                             ; On                 ; On                 ;
; Remove Redundant Logic Cells                                                    ; Off                ; Off                ;
; Remove Duplicate Registers                                                      ; On                 ; On                 ;
; Ignore CARRY Buffers                                                            ; Off                ; Off                ;
; Ignore CASCADE Buffers                                                          ; Off                ; Off                ;
; Ignore GLOBAL Buffers                                                           ; Off                ; Off                ;
; Ignore ROW GLOBAL Buffers                                                       ; Off                ; Off                ;
; Ignore LCELL Buffers                                                            ; Off                ; Off                ;
; Ignore SOFT Buffers                                                             ; On                 ; On                 ;
; Limit AHDL Integers to 32 Bits                                                  ; Off                ; Off                ;
; Optimization Technique                                                          ; Balanced           ; Balanced           ;
; Carry Chain Length                                                              ; 70                 ; 70                 ;
; Auto Carry Chains                                                               ; On                 ; On                 ;
; Auto Open-Drain Pins                                                            ; On                 ; On                 ;
; Perform WYSIWYG Primitive Resynthesis                                           ; Off                ; Off                ;
; Auto ROM Replacement                                                            ; On                 ; On                 ;
; Auto RAM Replacement                                                            ; On                 ; On                 ;
; Auto DSP Block Replacement                                                      ; On                 ; On                 ;
; Auto Shift Register Replacement                                                 ; Auto               ; Auto               ;
; Allow Shift Register Merging across Hierarchies                                 ; Auto               ; Auto               ;
; Auto Clock Enable Replacement                                                   ; On                 ; On                 ;
; Strict RAM Replacement                                                          ; Off                ; Off                ;
; Allow Synchronous Control Signals                                               ; On                 ; On                 ;
; Force Use of Synchronous Clear Signals                                          ; Off                ; Off                ;
; Auto Resource Sharing                                                           ; Off                ; Off                ;
; Allow Any RAM Size For Recognition                                              ; Off                ; Off                ;
; Allow Any ROM Size For Recognition                                              ; Off                ; Off                ;
; Allow Any Shift Register Size For Recognition                                   ; Off                ; Off                ;
; Use LogicLock Constraints during Resource Balancing                             ; On                 ; On                 ;
; Ignore translate_off and synthesis_off directives                               ; Off                ; Off                ;
; Timing-Driven Synthesis                                                         ; On                 ; On                 ;
; Report Parameter Settings                                                       ; On                 ; On                 ;
; Report Source Assignments                                                       ; On                 ; On                 ;
; Report Connectivity Checks                                                      ; On                 ; On                 ;
; Ignore Maximum Fan-Out Assignments                                              ; Off                ; Off                ;
; Synchronization Register Chain Length                                           ; 3                  ; 3                  ;
; Power Optimization During Synthesis                                             ; Normal compilation ; Normal compilation ;
; HDL message level                                                               ; Level2             ; Level2             ;
; Suppress Register Optimization Related Messages                                 ; Off                ; Off                ;
; Number of Removed Registers Reported in Synthesis Report                        ; 5000               ; 5000               ;
; Number of Swept Nodes Reported in Synthesis Report                              ; 5000               ; 5000               ;
; Number of Inverted Registers Reported in Synthesis Report                       ; 100                ; 100                ;
; Clock MUX Protection                                                            ; On                 ; On                 ;
; Auto Gated Clock Conversion                                                     ; Off                ; Off                ;
; Block Design Naming                                                             ; Auto               ; Auto               ;
; SDC constraint protection                                                       ; Off                ; Off                ;
; Synthesis Effort                                                                ; Auto               ; Auto               ;
; Shift Register Replacement - Allow Asynchronous Clear Signal                    ; On                 ; On                 ;
; Pre-Mapping Resynthesis Optimization                                            ; Off                ; Off                ;
; Analysis & Synthesis Message Level                                              ; Medium             ; Medium             ;
; Disable Register Merging Across Hierarchies                                     ; Auto               ; Auto               ;
; Resource Aware Inference For Block RAM                                          ; On                 ; On                 ;
; Automatic Parallel Synthesis                                                    ; On                 ; On                 ;
; Partial Reconfiguration Bitstream ID                                            ; Off                ; Off                ;
+---------------------------------------------------------------------------------+--------------------+--------------------+


+------------------------------------------+
; Parallel Compilation                     ;
+----------------------------+-------------+
; Processors                 ; Number      ;
+----------------------------+-------------+
; Number detected on machine ; 32          ;
; Maximum allowed            ; 16          ;
;                            ;             ;
; Average used               ; 1.00        ;
; Maximum used               ; 16          ;
;                            ;             ;
; Usage by Processor         ; % Time Used ;
;     Processor 1            ; 100.0%      ;
;     Processors 2-16        ;   0.0%      ;
+----------------------------+-------------+


+----------------------------------------------------------------------------------------------------------------------------------------------------------------------------+
; Analysis & Synthesis Source Files Read                                                                                                                                     ;
+---------------------------------------+-----------------+------------------------+-------------------------------------------------------------------------------+---------+
; File Name with User-Entered Path      ; Used in Netlist ; File Type              ; File Name with Absolute Path                                                  ; Library ;
+---------------------------------------+-----------------+------------------------+-------------------------------------------------------------------------------+---------+
; ../Verilog/Register File Lab/FibFSM.v ; yes             ; User Verilog HDL File  ; C:/Users/asher/Desktop/School Work/ece3710/Verilog/Register File Lab/FibFSM.v ;         ;
+---------------------------------------+-----------------+------------------------+-------------------------------------------------------------------------------+---------+


+---------------------------------------------------------+
; Analysis & Synthesis Resource Usage Summary             ;
+---------------------------------------------+-----------+
; Resource                                    ; Usage     ;
+---------------------------------------------+-----------+
; Estimate of Logic utilization (ALMs needed) ; 14        ;
;                                             ;           ;
; Combinational ALUT usage for logic          ; 23        ;
;     -- 7 input functions                    ; 0         ;
;     -- 6 input functions                    ; 3         ;
;     -- 5 input functions                    ; 6         ;
;     -- 4 input functions                    ; 3         ;
;     -- <=3 input functions                  ; 11        ;
;                                             ;           ;
; Dedicated logic registers                   ; 28        ;
;                                             ;           ;
; I/O pins                                    ; 48        ;
;                                             ;           ;
; Total DSP Blocks                            ; 0         ;
;                                             ;           ;
; Maximum fan-out node                        ; clk~input ;
; Maximum fan-out                             ; 28        ;
; Total fan-out                               ; 233       ;
; Average fan-out                             ; 1.59      ;
+---------------------------------------------+-----------+


+----------------------------------------------------------------------------------------------------------------------------------------------------------------------------------------+
; Analysis & Synthesis Resource Utilization by Entity                                                                                                                                    ;
+----------------------------+---------------------+---------------------------+-------------------+------------+------+--------------+---------------------+-------------+--------------+
; Compilation Hierarchy Node ; Combinational ALUTs ; Dedicated Logic Registers ; Block Memory Bits ; DSP Blocks ; Pins ; Virtual Pins ; Full Hierarchy Name ; Entity Name ; Library Name ;
+----------------------------+---------------------+---------------------------+-------------------+------------+------+--------------+---------------------+-------------+--------------+
; |FibFSM                    ; 23 (23)             ; 28 (28)                   ; 0                 ; 0          ; 48   ; 0            ; |FibFSM             ; FibFSM      ; work         ;
+----------------------------+---------------------+---------------------------+-------------------+------------+------+--------------+---------------------+-------------+--------------+
Note: For table entries with two numbers listed, the numbers in parentheses indicate the number of resources of the given type used by the specific entity alone. The numbers listed outside of parentheses indicate the total resources of the given type used by the specific entity and all of its sub-entities in the hierarchy.


Encoding Type:  One-Hot
+---------------------------------------------------------------------------------+
; State Machine - |FibFSM|state                                                   ;
+-----------------+------------+----------------+---------------+-----------------+
; Name            ; state.DONE ; state.CALC_FIB ; state.INIT_R1 ; state.INIT_REGS ;
+-----------------+------------+----------------+---------------+-----------------+
; state.INIT_REGS ; 0          ; 0              ; 0             ; 0               ;
; state.INIT_R1   ; 0          ; 0              ; 1             ; 1               ;
; state.CALC_FIB  ; 0          ; 1              ; 0             ; 1               ;
; state.DONE      ; 1          ; 0              ; 0             ; 1               ;
+-----------------+------------+----------------+---------------+-----------------+


+---------------------------------------------------------------------------------+
; Registers Removed During Synthesis                                              ;
+----------------------------------------+----------------------------------------+
; Register name                          ; Reason for Removal                     ;
+----------------------------------------+----------------------------------------+
; ImmData[15]~reg0                       ; Stuck at GND due to stuck port data_in ;
; ImmData[14]~reg0                       ; Stuck at GND due to stuck port data_in ;
; ImmData[13]~reg0                       ; Stuck at GND due to stuck port data_in ;
; ImmData[12]~reg0                       ; Stuck at GND due to stuck port data_in ;
; ImmData[11]~reg0                       ; Stuck at GND due to stuck port data_in ;
; ImmData[10]~reg0                       ; Stuck at GND due to stuck port data_in ;
; ImmData[9]~reg0                        ; Stuck at GND due to stuck port data_in ;
; ImmData[8]~reg0                        ; Stuck at GND due to stuck port data_in ;
; ImmData[7]~reg0                        ; Stuck at GND due to stuck port data_in ;
; ImmData[6]~reg0                        ; Stuck at GND due to stuck port data_in ;
; ImmData[5]~reg0                        ; Stuck at GND due to stuck port data_in ;
; ImmData[4]~reg0                        ; Stuck at GND due to stuck port data_in ;
; ImmData[3]~reg0                        ; Stuck at GND due to stuck port data_in ;
; ImmData[2]~reg0                        ; Stuck at GND due to stuck port data_in ;
; ImmData[1]~reg0                        ; Stuck at GND due to stuck port data_in ;
; op[7]~reg0                             ; Stuck at GND due to stuck port data_in ;
; op[6]~reg0                             ; Stuck at GND due to stuck port data_in ;
; op[5]~reg0                             ; Stuck at GND due to stuck port data_in ;
; op[4]~reg0                             ; Stuck at GND due to stuck port data_in ;
; op[3]~reg0                             ; Stuck at GND due to stuck port data_in ;
; op[1]~reg0                             ; Stuck at GND due to stuck port data_in ;
; outputState[2]~reg0                    ; Stuck at GND due to stuck port data_in ;
; state~6                                ; Lost fanout                            ;
; state~7                                ; Lost fanout                            ;
; state~8                                ; Lost fanout                            ;
; Total Number of Removed Registers = 25 ;                                        ;
+----------------------------------------+----------------------------------------+


+---------------------------------------------------------------------------------------+
; Removed Registers Triggering Further Register Optimizations                           ;
+------------------+---------------------------+----------------------------------------+
; Register name    ; Reason for Removal        ; Registers Removed due to This Register ;
+------------------+---------------------------+----------------------------------------+
; ImmData[15]~reg0 ; Stuck at GND              ; ImmData[1]~reg0                        ;
;                  ; due to stuck port data_in ;                                        ;
; ImmData[13]~reg0 ; Stuck at GND              ; ImmData[2]~reg0                        ;
;                  ; due to stuck port data_in ;                                        ;
; ImmData[11]~reg0 ; Stuck at GND              ; ImmData[3]~reg0                        ;
;                  ; due to stuck port data_in ;                                        ;
; ImmData[9]~reg0  ; Stuck at GND              ; ImmData[4]~reg0                        ;
;                  ; due to stuck port data_in ;                                        ;
; ImmData[7]~reg0  ; Stuck at GND              ; ImmData[5]~reg0                        ;
;                  ; due to stuck port data_in ;                                        ;
; op[7]~reg0       ; Stuck at GND              ; op[5]~reg0                             ;
;                  ; due to stuck port data_in ;                                        ;
+------------------+---------------------------+----------------------------------------+


+------------------------------------------------------+
; General Register Statistics                          ;
+----------------------------------------------+-------+
; Statistic                                    ; Value ;
+----------------------------------------------+-------+
; Total registers                              ; 28    ;
; Number of registers using Synchronous Clear  ; 0     ;
; Number of registers using Synchronous Load   ; 0     ;
; Number of registers using Asynchronous Clear ; 28    ;
; Number of registers using Asynchronous Load  ; 0     ;
; Number of registers using Clock Enable       ; 0     ;
; Number of registers using Preset             ; 0     ;
+----------------------------------------------+-------+


+--------------------------------------------------+
; Inverted Register Statistics                     ;
+----------------------------------------+---------+
; Inverted Register                      ; Fan out ;
+----------------------------------------+---------+
; regIndex[1]                            ; 13      ;
; Total number of inverted registers = 1 ;         ;
+----------------------------------------+---------+


+------------------------------------------------------------------------+
; Parameter Settings for User Entity Instance: Top-level Entity: |FibFSM ;
+----------------+-------+-----------------------------------------------+
; Parameter Name ; Value ; Type                                          ;
+----------------+-------+-----------------------------------------------+
; BIT_WIDTH      ; 16    ; Signed Integer                                ;
; SEL_WIDTH      ; 4     ; Signed Integer                                ;
; OPCODE_WIDTH   ; 8     ; Signed Integer                                ;
+----------------+-------+-----------------------------------------------+
Note: In order to hide this table in the UI and the text report file, please set the "Show Parameter Settings in Synthesis Report" option in "Analysis and Synthesis Settings -> More Settings" to "Off".


+-----------------------------------------------------+
; Post-Synthesis Netlist Statistics for Top Partition ;
+-----------------------+-----------------------------+
; Type                  ; Count                       ;
+-----------------------+-----------------------------+
; arriav_ff             ; 28                          ;
;     CLR               ; 28                          ;
; arriav_lcell_comb     ; 24                          ;
;     normal            ; 24                          ;
;         0 data inputs ; 1                           ;
;         1 data inputs ; 2                           ;
;         2 data inputs ; 7                           ;
;         3 data inputs ; 2                           ;
;         4 data inputs ; 3                           ;
;         5 data inputs ; 6                           ;
;         6 data inputs ; 3                           ;
; boundary_port         ; 48                          ;
;                       ;                             ;
; Max LUT depth         ; 1.00                        ;
; Average LUT depth     ; 0.60                        ;
+-----------------------+-----------------------------+


+-------------------------------+
; Elapsed Time Per Partition    ;
+----------------+--------------+
; Partition Name ; Elapsed Time ;
+----------------+--------------+
; Top            ; 00:00:00     ;
+----------------+--------------+


+-------------------------------+
; Analysis & Synthesis Messages ;
+-------------------------------+
Info: *******************************************************************
Info: Running Quartus Prime Analysis & Synthesis
    Info: Version 25.1std.0 Build 1129 10/21/2025 SC Lite Edition
    Info: Processing started: Sun Jan 25 20:43:32 2026
Info: Command: quartus_map --read_settings_files=on --write_settings_files=off lab1 -c lab1
Warning (18236): Number of processors has not been specified which may cause overloading on shared machines.  Set the global assignment NUM_PARALLEL_PROCESSORS in your QSF to an appropriate value for best performance.
Info (20030): Parallel compilation is enabled and will use 16 of the 32 processors detected
Info (12021): Found 1 design units, including 1 entities, in source file /users/asher/desktop/school work/ece3710/verilog/register file lab/seven_seg_decoder.v
    Info (12023): Found entity 1: seven_seg_decoder File: C:/Users/asher/Desktop/School Work/ece3710/Verilog/Register File Lab/seven_seg_decoder.v Line: 1
Info (12021): Found 1 design units, including 1 entities, in source file /users/asher/desktop/school work/ece3710/verilog/register file lab/register_file.v
    Info (12023): Found entity 1: register_file File: C:/Users/asher/Desktop/School Work/ece3710/Verilog/Register File Lab/register_file.v Line: 1
Info (12021): Found 1 design units, including 1 entities, in source file /users/asher/desktop/school work/ece3710/verilog/register file lab/lab1.v
    Info (12023): Found entity 1: lab1 File: C:/Users/asher/Desktop/School Work/ece3710/Verilog/Register File Lab/lab1.v Line: 1
Info (12021): Found 1 design units, including 1 entities, in source file /users/asher/desktop/school work/ece3710/verilog/register file lab/immmux.v
    Info (12023): Found entity 1: ImmMux File: C:/Users/asher/Desktop/School Work/ece3710/Verilog/Register File Lab/ImmMux.v Line: 1
Info (12021): Found 1 design units, including 1 entities, in source file /users/asher/desktop/school work/ece3710/verilog/register file lab/fibfsm.v
    Info (12023): Found entity 1: FibFSM File: C:/Users/asher/Desktop/School Work/ece3710/Verilog/Register File Lab/FibFSM.v Line: 1
Info (12021): Found 1 design units, including 1 entities, in source file /users/asher/desktop/school work/ece3710/verilog/register file lab/alu.v
    Info (12023): Found entity 1: alu File: C:/Users/asher/Desktop/School Work/ece3710/Verilog/Register File Lab/ALU.v Line: 2
Info (12021): Found 1 design units, including 1 entities, in source file /users/asher/desktop/school work/ece3710/verilog/register file lab/bin16_to_bcd5.v
    Info (12023): Found entity 1: bin16_to_bcd5 File: C:/Users/asher/Desktop/School Work/ece3710/Verilog/Register File Lab/bin16_to_bcd5.v Line: 1
Info (12021): Found 1 design units, including 1 entities, in source file /users/asher/desktop/school work/ece3710/verilog/register file lab/subtractfsm.v
    Info (12023): Found entity 1: SubtractFSM File: C:/Users/asher/Desktop/School Work/ece3710/Verilog/Register File Lab/SubtractFSM.v Line: 1
Info (12127): Elaborating entity "FibFSM" for the top level hierarchy
Warning (10230): Verilog HDL assignment warning at FibFSM.v(94): truncated value with size 32 to match size of target (4) File: C:/Users/asher/Desktop/School Work/ece3710/Verilog/Register File Lab/FibFSM.v Line: 94
Warning (10230): Verilog HDL assignment warning at FibFSM.v(95): truncated value with size 32 to match size of target (4) File: C:/Users/asher/Desktop/School Work/ece3710/Verilog/Register File Lab/FibFSM.v Line: 95
Warning (13024): Output pins are stuck at VCC or GND
    Warning (13410): Pin "ImmData[1]" is stuck at GND File: C:/Users/asher/Desktop/School Work/ece3710/Verilog/Register File Lab/FibFSM.v Line: 57
    Warning (13410): Pin "ImmData[2]" is stuck at GND File: C:/Users/asher/Desktop/School Work/ece3710/Verilog/Register File Lab/FibFSM.v Line: 57
    Warning (13410): Pin "ImmData[3]" is stuck at GND File: C:/Users/asher/Desktop/School Work/ece3710/Verilog/Register File Lab/FibFSM.v Line: 57
    Warning (13410): Pin "ImmData[4]" is stuck at GND File: C:/Users/asher/Desktop/School Work/ece3710/Verilog/Register File Lab/FibFSM.v Line: 57
    Warning (13410): Pin "ImmData[5]" is stuck at GND File: C:/Users/asher/Desktop/School Work/ece3710/Verilog/Register File Lab/FibFSM.v Line: 57
    Warning (13410): Pin "ImmData[6]" is stuck at GND File: C:/Users/asher/Desktop/School Work/ece3710/Verilog/Register File Lab/FibFSM.v Line: 57
    Warning (13410): Pin "ImmData[7]" is stuck at GND File: C:/Users/asher/Desktop/School Work/ece3710/Verilog/Register File Lab/FibFSM.v Line: 57
    Warning (13410): Pin "ImmData[8]" is stuck at GND File: C:/Users/asher/Desktop/School Work/ece3710/Verilog/Register File Lab/FibFSM.v Line: 57
    Warning (13410): Pin "ImmData[9]" is stuck at GND File: C:/Users/asher/Desktop/School Work/ece3710/Verilog/Register File Lab/FibFSM.v Line: 57
    Warning (13410): Pin "ImmData[10]" is stuck at GND File: C:/Users/asher/Desktop/School Work/ece3710/Verilog/Register File Lab/FibFSM.v Line: 57
    Warning (13410): Pin "ImmData[11]" is stuck at GND File: C:/Users/asher/Desktop/School Work/ece3710/Verilog/Register File Lab/FibFSM.v Line: 57
    Warning (13410): Pin "ImmData[12]" is stuck at GND File: C:/Users/asher/Desktop/School Work/ece3710/Verilog/Register File Lab/FibFSM.v Line: 57
    Warning (13410): Pin "ImmData[13]" is stuck at GND File: C:/Users/asher/Desktop/School Work/ece3710/Verilog/Register File Lab/FibFSM.v Line: 57
    Warning (13410): Pin "ImmData[14]" is stuck at GND File: C:/Users/asher/Desktop/School Work/ece3710/Verilog/Register File Lab/FibFSM.v Line: 57
    Warning (13410): Pin "ImmData[15]" is stuck at GND File: C:/Users/asher/Desktop/School Work/ece3710/Verilog/Register File Lab/FibFSM.v Line: 57
    Warning (13410): Pin "op[1]" is stuck at GND File: C:/Users/asher/Desktop/School Work/ece3710/Verilog/Register File Lab/FibFSM.v Line: 57
    Warning (13410): Pin "op[3]" is stuck at GND File: C:/Users/asher/Desktop/School Work/ece3710/Verilog/Register File Lab/FibFSM.v Line: 57
    Warning (13410): Pin "op[4]" is stuck at GND File: C:/Users/asher/Desktop/School Work/ece3710/Verilog/Register File Lab/FibFSM.v Line: 57
    Warning (13410): Pin "op[5]" is stuck at GND File: C:/Users/asher/Desktop/School Work/ece3710/Verilog/Register File Lab/FibFSM.v Line: 57
    Warning (13410): Pin "op[6]" is stuck at GND File: C:/Users/asher/Desktop/School Work/ece3710/Verilog/Register File Lab/FibFSM.v Line: 57
    Warning (13410): Pin "op[7]" is stuck at GND File: C:/Users/asher/Desktop/School Work/ece3710/Verilog/Register File Lab/FibFSM.v Line: 57
    Warning (13410): Pin "outputState[2]" is stuck at GND File: C:/Users/asher/Desktop/School Work/ece3710/Verilog/Register File Lab/FibFSM.v Line: 57
Info (286030): Timing-Driven Synthesis is running
Info (17049): 3 registers lost all their fanouts during netlist optimizations.
Info (16010): Generating hard_block partition "hard_block:auto_generated_inst"
    Info (16011): Adding 0 node(s), including 0 DDIO, 0 PLL, 0 transceiver and 0 LCELL
Info (21057): Implemented 77 device resources after synthesis - the final resource count might be different
    Info (21058): Implemented 6 input pins
    Info (21059): Implemented 42 output pins
    Info (21061): Implemented 29 logic cells
Info: Quartus Prime Analysis & Synthesis was successful. 0 errors, 26 warnings
    Info: Peak virtual memory: 4889 megabytes
    Info: Processing ended: Sun Jan 25 20:43:37 2026
    Info: Elapsed time: 00:00:05
    Info: Total CPU time (on all processors): 00:00:13


