Analysis & Synthesis report for lab1
Mon Jan 12 08:33:46 2026
Quartus Prime Version 25.1std.0 Build 1129 10/21/2025 SC Lite Edition


---------------------
; Table of Contents ;
---------------------
  1. Legal Notice
  2. Analysis & Synthesis Summary
  3. Analysis & Synthesis Settings
  4. Parallel Compilation
  5. Analysis & Synthesis Source Files Read
  6. Analysis & Synthesis Resource Usage Summary
  7. Analysis & Synthesis Resource Utilization by Entity
  8. User-Specified and Inferred Latches
  9. General Register Statistics
 10. Parameter Settings for User Entity Instance: alu:Alu
 11. Port Connectivity Checks: "alu:Alu"
 12. Post-Synthesis Netlist Statistics for Top Partition
 13. Elapsed Time Per Partition
 14. Analysis & Synthesis Messages



----------------
; Legal Notice ;
----------------
Copyright (C) 2025  Altera Corporation. All rights reserved.
Your use of Altera Corporation's design tools, logic functions 
and other software and tools, and any partner logic 
functions, and any output files from any of the foregoing 
(including device programming or simulation files), and any 
associated documentation or information are expressly subject 
to the terms and conditions of the Altera Program License 
Subscription Agreement, the Altera Quartus Prime License Agreement,
the Altera IP License Agreement, or other applicable license
agreement, including, without limitation, that your use is for
the sole purpose of programming logic devices manufactured by
Altera and sold by Altera or its authorized distributors.  Please
refer to the Altera Software License Subscription Agreements 
on the Quartus Prime software download page.



+-----------------------------------------------------------------------------------+
; Analysis & Synthesis Summary                                                      ;
+---------------------------------+-------------------------------------------------+
; Analysis & Synthesis Status     ; Successful - Mon Jan 12 08:33:46 2026           ;
; Quartus Prime Version           ; 25.1std.0 Build 1129 10/21/2025 SC Lite Edition ;
; Revision Name                   ; lab1                                            ;
; Top-level Entity Name           ; lab1                                            ;
; Family                          ; Cyclone V                                       ;
; Logic utilization (in ALMs)     ; N/A                                             ;
; Total registers                 ; 0                                               ;
; Total pins                      ; 47                                              ;
; Total virtual pins              ; 0                                               ;
; Total block memory bits         ; 0                                               ;
; Total DSP Blocks                ; 0                                               ;
; Total HSSI RX PCSs              ; 0                                               ;
; Total HSSI PMA RX Deserializers ; 0                                               ;
; Total HSSI TX PCSs              ; 0                                               ;
; Total HSSI PMA TX Serializers   ; 0                                               ;
; Total PLLs                      ; 0                                               ;
; Total DLLs                      ; 0                                               ;
+---------------------------------+-------------------------------------------------+


+---------------------------------------------------------------------------------------------------------------------------+
; Analysis & Synthesis Settings                                                                                             ;
+---------------------------------------------------------------------------------+--------------------+--------------------+
; Option                                                                          ; Setting            ; Default Value      ;
+---------------------------------------------------------------------------------+--------------------+--------------------+
; Device                                                                          ; 5CSEMA5F31C6       ;                    ;
; Top-level entity name                                                           ; lab1               ; lab1               ;
; Family name                                                                     ; Cyclone V          ; Cyclone V          ;
; Use smart compilation                                                           ; Off                ; Off                ;
; Enable parallel Assembler and Timing Analyzer during compilation                ; On                 ; On                 ;
; Enable compact report table                                                     ; Off                ; Off                ;
; Restructure Multiplexers                                                        ; Auto               ; Auto               ;
; MLAB Add Timing Constraints For Mixed-Port Feed-Through Mode Setting Don't Care ; Off                ; Off                ;
; Create Debugging Nodes for IP Cores                                             ; Off                ; Off                ;
; Preserve fewer node names                                                       ; On                 ; On                 ;
; Intel FPGA IP Evaluation Mode                                                   ; Enable             ; Enable             ;
; Verilog Version                                                                 ; Verilog_2001       ; Verilog_2001       ;
; VHDL Version                                                                    ; VHDL_1993          ; VHDL_1993          ;
; State Machine Processing                                                        ; Auto               ; Auto               ;
; Safe State Machine                                                              ; Off                ; Off                ;
; Extract Verilog State Machines                                                  ; On                 ; On                 ;
; Extract VHDL State Machines                                                     ; On                 ; On                 ;
; Ignore Verilog initial constructs                                               ; Off                ; Off                ;
; Iteration limit for constant Verilog loops                                      ; 5000               ; 5000               ;
; Iteration limit for non-constant Verilog loops                                  ; 250                ; 250                ;
; Add Pass-Through Logic to Inferred RAMs                                         ; On                 ; On                 ;
; Infer RAMs from Raw Logic                                                       ; On                 ; On                 ;
; Parallel Synthesis                                                              ; On                 ; On                 ;
; DSP Block Balancing                                                             ; Auto               ; Auto               ;
; NOT Gate Push-Back                                                              ; On                 ; On                 ;
; Power-Up Don't Care                                                             ; On                 ; On                 ;
; Remove Redundant Logic Cells                                                    ; Off                ; Off                ;
; Remove Duplicate Registers                                                      ; On                 ; On                 ;
; Ignore CARRY Buffers                                                            ; Off                ; Off                ;
; Ignore CASCADE Buffers                                                          ; Off                ; Off                ;
; Ignore GLOBAL Buffers                                                           ; Off                ; Off                ;
; Ignore ROW GLOBAL Buffers                                                       ; Off                ; Off                ;
; Ignore LCELL Buffers                                                            ; Off                ; Off                ;
; Ignore SOFT Buffers                                                             ; On                 ; On                 ;
; Limit AHDL Integers to 32 Bits                                                  ; Off                ; Off                ;
; Optimization Technique                                                          ; Balanced           ; Balanced           ;
; Carry Chain Length                                                              ; 70                 ; 70                 ;
; Auto Carry Chains                                                               ; On                 ; On                 ;
; Auto Open-Drain Pins                                                            ; On                 ; On                 ;
; Perform WYSIWYG Primitive Resynthesis                                           ; Off                ; Off                ;
; Auto ROM Replacement                                                            ; On                 ; On                 ;
; Auto RAM Replacement                                                            ; On                 ; On                 ;
; Auto DSP Block Replacement                                                      ; On                 ; On                 ;
; Auto Shift Register Replacement                                                 ; Auto               ; Auto               ;
; Allow Shift Register Merging across Hierarchies                                 ; Auto               ; Auto               ;
; Auto Clock Enable Replacement                                                   ; On                 ; On                 ;
; Strict RAM Replacement                                                          ; Off                ; Off                ;
; Allow Synchronous Control Signals                                               ; On                 ; On                 ;
; Force Use of Synchronous Clear Signals                                          ; Off                ; Off                ;
; Auto Resource Sharing                                                           ; Off                ; Off                ;
; Allow Any RAM Size For Recognition                                              ; Off                ; Off                ;
; Allow Any ROM Size For Recognition                                              ; Off                ; Off                ;
; Allow Any Shift Register Size For Recognition                                   ; Off                ; Off                ;
; Use LogicLock Constraints during Resource Balancing                             ; On                 ; On                 ;
; Ignore translate_off and synthesis_off directives                               ; Off                ; Off                ;
; Timing-Driven Synthesis                                                         ; On                 ; On                 ;
; Report Parameter Settings                                                       ; On                 ; On                 ;
; Report Source Assignments                                                       ; On                 ; On                 ;
; Report Connectivity Checks                                                      ; On                 ; On                 ;
; Ignore Maximum Fan-Out Assignments                                              ; Off                ; Off                ;
; Synchronization Register Chain Length                                           ; 3                  ; 3                  ;
; Power Optimization During Synthesis                                             ; Normal compilation ; Normal compilation ;
; HDL message level                                                               ; Level2             ; Level2             ;
; Suppress Register Optimization Related Messages                                 ; Off                ; Off                ;
; Number of Removed Registers Reported in Synthesis Report                        ; 5000               ; 5000               ;
; Number of Swept Nodes Reported in Synthesis Report                              ; 5000               ; 5000               ;
; Number of Inverted Registers Reported in Synthesis Report                       ; 100                ; 100                ;
; Clock MUX Protection                                                            ; On                 ; On                 ;
; Auto Gated Clock Conversion                                                     ; Off                ; Off                ;
; Block Design Naming                                                             ; Auto               ; Auto               ;
; SDC constraint protection                                                       ; Off                ; Off                ;
; Synthesis Effort                                                                ; Auto               ; Auto               ;
; Shift Register Replacement - Allow Asynchronous Clear Signal                    ; On                 ; On                 ;
; Pre-Mapping Resynthesis Optimization                                            ; Off                ; Off                ;
; Analysis & Synthesis Message Level                                              ; Medium             ; Medium             ;
; Disable Register Merging Across Hierarchies                                     ; Auto               ; Auto               ;
; Resource Aware Inference For Block RAM                                          ; On                 ; On                 ;
; Automatic Parallel Synthesis                                                    ; On                 ; On                 ;
; Partial Reconfiguration Bitstream ID                                            ; Off                ; Off                ;
+---------------------------------------------------------------------------------+--------------------+--------------------+


+------------------------------------------+
; Parallel Compilation                     ;
+----------------------------+-------------+
; Processors                 ; Number      ;
+----------------------------+-------------+
; Number detected on machine ; 12          ;
; Maximum allowed            ; 12          ;
;                            ;             ;
; Average used               ; 1.00        ;
; Maximum used               ; 12          ;
;                            ;             ;
; Usage by Processor         ; % Time Used ;
;     Processor 1            ; 100.0%      ;
;     Processors 2-12        ;   0.0%      ;
+----------------------------+-------------+


+---------------------------------------------------------------------------------------------------------------------------------------------------------------+
; Analysis & Synthesis Source Files Read                                                                                                                        ;
+----------------------------------+-----------------+------------------------+-----------------------------------------------------------------------+---------+
; File Name with User-Entered Path ; Used in Netlist ; File Type              ; File Name with Absolute Path                                          ; Library ;
+----------------------------------+-----------------+------------------------+-----------------------------------------------------------------------+---------+
; verilog/seven_seg_decoder.v      ; yes             ; User Verilog HDL File  ; C:/Users/asher/Desktop/SchoolWork/ece3710/verilog/seven_seg_decoder.v ;         ;
; verilog/lab1.v                   ; yes             ; User Verilog HDL File  ; C:/Users/asher/Desktop/SchoolWork/ece3710/verilog/lab1.v              ;         ;
; verilog/ALU.v                    ; yes             ; User Verilog HDL File  ; C:/Users/asher/Desktop/SchoolWork/ece3710/verilog/ALU.v               ;         ;
+----------------------------------+-----------------+------------------------+-----------------------------------------------------------------------+---------+


+-----------------------------------------------------------------+
; Analysis & Synthesis Resource Usage Summary                     ;
+---------------------------------------------+-------------------+
; Resource                                    ; Usage             ;
+---------------------------------------------+-------------------+
; Estimate of Logic utilization (ALMs needed) ; 10                ;
;                                             ;                   ;
; Combinational ALUT usage for logic          ; 15                ;
;     -- 7 input functions                    ; 0                 ;
;     -- 6 input functions                    ; 5                 ;
;     -- 5 input functions                    ; 1                 ;
;     -- 4 input functions                    ; 5                 ;
;     -- <=3 input functions                  ; 4                 ;
;                                             ;                   ;
; Dedicated logic registers                   ; 0                 ;
;                                             ;                   ;
; I/O pins                                    ; 47                ;
;                                             ;                   ;
; Total DSP Blocks                            ; 0                 ;
;                                             ;                   ;
; Maximum fan-out node                        ; alu:Alu|Result[0] ;
; Maximum fan-out                             ; 17                ;
; Total fan-out                               ; 131               ;
; Average fan-out                             ; 1.20              ;
+---------------------------------------------+-------------------+


+----------------------------------------------------------------------------------------------------------------------------------------------------------------------------------------+
; Analysis & Synthesis Resource Utilization by Entity                                                                                                                                    ;
+----------------------------+---------------------+---------------------------+-------------------+------------+------+--------------+---------------------+-------------+--------------+
; Compilation Hierarchy Node ; Combinational ALUTs ; Dedicated Logic Registers ; Block Memory Bits ; DSP Blocks ; Pins ; Virtual Pins ; Full Hierarchy Name ; Entity Name ; Library Name ;
+----------------------------+---------------------+---------------------------+-------------------+------------+------+--------------+---------------------+-------------+--------------+
; |lab1                      ; 15 (0)              ; 0 (0)                     ; 0                 ; 0          ; 47   ; 0            ; |lab1               ; lab1        ; work         ;
;    |alu:Alu|               ; 15 (15)             ; 0 (0)                     ; 0                 ; 0          ; 0    ; 0            ; |lab1|alu:Alu       ; alu         ; work         ;
+----------------------------+---------------------+---------------------------+-------------------+------------+------+--------------+---------------------+-------------+--------------+
Note: For table entries with two numbers listed, the numbers in parentheses indicate the number of resources of the given type used by the specific entity alone. The numbers listed outside of parentheses indicate the total resources of the given type used by the specific entity and all of its sub-entities in the hierarchy.


+----------------------------------------------------------------------------------------------------+
; User-Specified and Inferred Latches                                                                ;
+-----------------------------------------------------+---------------------+------------------------+
; Latch Name                                          ; Latch Enable Signal ; Free of Timing Hazards ;
+-----------------------------------------------------+---------------------+------------------------+
; alu:Alu|Result[0]                                   ; alu:Alu|WideOr0     ; yes                    ;
; alu:Alu|Result[1]                                   ; alu:Alu|WideOr0     ; yes                    ;
; alu:Alu|Result[2]                                   ; alu:Alu|WideOr0     ; yes                    ;
; alu:Alu|Result[3]                                   ; alu:Alu|WideOr0     ; yes                    ;
; alu:Alu|Result[4]                                   ; alu:Alu|WideOr0     ; yes                    ;
; alu:Alu|Result[5]                                   ; alu:Alu|WideOr0     ; yes                    ;
; alu:Alu|Result[6]                                   ; alu:Alu|WideOr0     ; yes                    ;
; alu:Alu|Result[7]                                   ; alu:Alu|WideOr0     ; yes                    ;
; alu:Alu|Result[8]                                   ; alu:Alu|WideOr0     ; yes                    ;
; alu:Alu|Result[9]                                   ; alu:Alu|WideOr0     ; yes                    ;
; alu:Alu|Result[10]                                  ; alu:Alu|WideOr0     ; yes                    ;
; alu:Alu|Result[11]                                  ; alu:Alu|WideOr0     ; yes                    ;
; alu:Alu|Result[12]                                  ; alu:Alu|WideOr0     ; yes                    ;
; alu:Alu|Result[13]                                  ; alu:Alu|WideOr0     ; yes                    ;
; alu:Alu|Result[14]                                  ; alu:Alu|WideOr0     ; yes                    ;
; alu:Alu|Result[15]                                  ; alu:Alu|WideOr0     ; yes                    ;
; alu:Alu|Flags[1]                                    ; alu:Alu|WideOr9     ; yes                    ;
; alu:Alu|zFlag                                       ; alu:Alu|WideOr0     ; yes                    ;
; Number of user-specified and inferred latches = 18  ;                     ;                        ;
+-----------------------------------------------------+---------------------+------------------------+
Note: All latches listed above may not be present at the end of synthesis due to various synthesis optimizations.


+------------------------------------------------------+
; General Register Statistics                          ;
+----------------------------------------------+-------+
; Statistic                                    ; Value ;
+----------------------------------------------+-------+
; Total registers                              ; 0     ;
; Number of registers using Synchronous Clear  ; 0     ;
; Number of registers using Synchronous Load   ; 0     ;
; Number of registers using Asynchronous Clear ; 0     ;
; Number of registers using Asynchronous Load  ; 0     ;
; Number of registers using Clock Enable       ; 0     ;
; Number of registers using Preset             ; 0     ;
+----------------------------------------------+-------+


+------------------------------------------------------+
; Parameter Settings for User Entity Instance: alu:Alu ;
+----------------+-------+-----------------------------+
; Parameter Name ; Value ; Type                        ;
+----------------+-------+-----------------------------+
; BIT_WIDTH      ; 16    ; Signed Integer              ;
; OPCODE_WIDTH   ; 8     ; Signed Integer              ;
; FLAG_WIDTH     ; 5     ; Signed Integer              ;
+----------------+-------+-----------------------------+
Note: In order to hide this table in the UI and the text report file, please set the "Show Parameter Settings in Synthesis Report" option in "Analysis and Synthesis Settings -> More Settings" to "Off".


+-----------------------------------------------------------------------------------------------------------------------------------------------------------------------------------------------------------------+
; Port Connectivity Checks: "alu:Alu"                                                                                                                                                                             ;
+----------+-------+----------+-----------------------------------------------------------------------------------------------------------------------------------------------------------------------------------+
; Port     ; Type  ; Severity ; Details                                                                                                                                                                           ;
+----------+-------+----------+-----------------------------------------------------------------------------------------------------------------------------------------------------------------------------------+
; Rsrc_Imm ; Input ; Info     ; Stuck at GND                                                                                                                                                                      ;
; Rdest    ; Input ; Info     ; Stuck at GND                                                                                                                                                                      ;
; Opcode   ; Input ; Warning  ; Input port expression (10 bits) is wider than the input port (8 bits) it drives.  The 2 most-significant bit(s) in the expression will be dangling if they have no other fanouts. ;
+----------+-------+----------+-----------------------------------------------------------------------------------------------------------------------------------------------------------------------------------+


+-----------------------------------------------------+
; Post-Synthesis Netlist Statistics for Top Partition ;
+-----------------------+-----------------------------+
; Type                  ; Count                       ;
+-----------------------+-----------------------------+
; arriav_lcell_comb     ; 18                          ;
;     normal            ; 18                          ;
;         0 data inputs ; 2                           ;
;         1 data inputs ; 1                           ;
;         3 data inputs ; 4                           ;
;         4 data inputs ; 5                           ;
;         5 data inputs ; 1                           ;
;         6 data inputs ; 5                           ;
; boundary_port         ; 47                          ;
;                       ;                             ;
; Max LUT depth         ; 3.00                        ;
; Average LUT depth     ; 2.55                        ;
+-----------------------+-----------------------------+


+-------------------------------+
; Elapsed Time Per Partition    ;
+----------------+--------------+
; Partition Name ; Elapsed Time ;
+----------------+--------------+
; Top            ; 00:00:00     ;
+----------------+--------------+


+-------------------------------+
; Analysis & Synthesis Messages ;
+-------------------------------+
Info: *******************************************************************
Info: Running Quartus Prime Analysis & Synthesis
    Info: Version 25.1std.0 Build 1129 10/21/2025 SC Lite Edition
    Info: Processing started: Mon Jan 12 08:33:35 2026
Info: Command: quartus_map --read_settings_files=on --write_settings_files=off lab1 -c lab1
Warning (18236): Number of processors has not been specified which may cause overloading on shared machines.  Set the global assignment NUM_PARALLEL_PROCESSORS in your QSF to an appropriate value for best performance.
Info (20030): Parallel compilation is enabled and will use 12 of the 12 processors detected
Info (12021): Found 1 design units, including 1 entities, in source file verilog/seven_seg_decoder.v
    Info (12023): Found entity 1: seven_seg_decoder File: C:/Users/asher/Desktop/SchoolWork/ece3710/verilog/seven_seg_decoder.v Line: 1
Info (12021): Found 1 design units, including 1 entities, in source file verilog/lab1.v
    Info (12023): Found entity 1: lab1 File: C:/Users/asher/Desktop/SchoolWork/ece3710/verilog/lab1.v Line: 1
Info (12021): Found 1 design units, including 1 entities, in source file verilog/alu.v
    Info (12023): Found entity 1: alu File: C:/Users/asher/Desktop/SchoolWork/ece3710/verilog/ALU.v Line: 2
Info (12127): Elaborating entity "lab1" for the top level hierarchy
Info (12128): Elaborating entity "alu" for hierarchy "alu:Alu" File: C:/Users/asher/Desktop/SchoolWork/ece3710/verilog/lab1.v Line: 18
Warning (10270): Verilog HDL Case Statement warning at ALU.v(55): incomplete case statement has no default case item File: C:/Users/asher/Desktop/SchoolWork/ece3710/verilog/ALU.v Line: 55
Warning (10240): Verilog HDL Always Construct warning at ALU.v(55): inferring latch(es) for variable "Result", which holds its previous value in one or more paths through the always construct File: C:/Users/asher/Desktop/SchoolWork/ece3710/verilog/ALU.v Line: 55
Warning (10240): Verilog HDL Always Construct warning at ALU.v(55): inferring latch(es) for variable "zFlag", which holds its previous value in one or more paths through the always construct File: C:/Users/asher/Desktop/SchoolWork/ece3710/verilog/ALU.v Line: 55
Warning (10240): Verilog HDL Always Construct warning at ALU.v(55): inferring latch(es) for variable "cFlag", which holds its previous value in one or more paths through the always construct File: C:/Users/asher/Desktop/SchoolWork/ece3710/verilog/ALU.v Line: 55
Warning (10240): Verilog HDL Always Construct warning at ALU.v(55): inferring latch(es) for variable "fFlag", which holds its previous value in one or more paths through the always construct File: C:/Users/asher/Desktop/SchoolWork/ece3710/verilog/ALU.v Line: 55
Warning (10240): Verilog HDL Always Construct warning at ALU.v(55): inferring latch(es) for variable "lFlag", which holds its previous value in one or more paths through the always construct File: C:/Users/asher/Desktop/SchoolWork/ece3710/verilog/ALU.v Line: 55
Warning (10240): Verilog HDL Always Construct warning at ALU.v(55): inferring latch(es) for variable "nFlag", which holds its previous value in one or more paths through the always construct File: C:/Users/asher/Desktop/SchoolWork/ece3710/verilog/ALU.v Line: 55
Warning (10240): Verilog HDL Always Construct warning at ALU.v(55): inferring latch(es) for variable "Flags", which holds its previous value in one or more paths through the always construct File: C:/Users/asher/Desktop/SchoolWork/ece3710/verilog/ALU.v Line: 55
Warning (10240): Verilog HDL Always Construct warning at ALU.v(55): inferring latch(es) for variable "negRsrc", which holds its previous value in one or more paths through the always construct File: C:/Users/asher/Desktop/SchoolWork/ece3710/verilog/ALU.v Line: 55
Warning (10240): Verilog HDL Always Construct warning at ALU.v(55): inferring latch(es) for variable "shift_amt", which holds its previous value in one or more paths through the always construct File: C:/Users/asher/Desktop/SchoolWork/ece3710/verilog/ALU.v Line: 55
Warning (10240): Verilog HDL Always Construct warning at ALU.v(55): inferring latch(es) for variable "lastBit", which holds its previous value in one or more paths through the always construct File: C:/Users/asher/Desktop/SchoolWork/ece3710/verilog/ALU.v Line: 55
Info (10041): Inferred latch for "Flags[0]" at ALU.v(55) File: C:/Users/asher/Desktop/SchoolWork/ece3710/verilog/ALU.v Line: 55
Info (10041): Inferred latch for "Flags[1]" at ALU.v(55) File: C:/Users/asher/Desktop/SchoolWork/ece3710/verilog/ALU.v Line: 55
Info (10041): Inferred latch for "Flags[2]" at ALU.v(55) File: C:/Users/asher/Desktop/SchoolWork/ece3710/verilog/ALU.v Line: 55
Info (10041): Inferred latch for "Flags[3]" at ALU.v(55) File: C:/Users/asher/Desktop/SchoolWork/ece3710/verilog/ALU.v Line: 55
Info (10041): Inferred latch for "Flags[4]" at ALU.v(55) File: C:/Users/asher/Desktop/SchoolWork/ece3710/verilog/ALU.v Line: 55
Info (10041): Inferred latch for "nFlag" at ALU.v(55) File: C:/Users/asher/Desktop/SchoolWork/ece3710/verilog/ALU.v Line: 55
Info (10041): Inferred latch for "lFlag" at ALU.v(55) File: C:/Users/asher/Desktop/SchoolWork/ece3710/verilog/ALU.v Line: 55
Info (10041): Inferred latch for "fFlag" at ALU.v(55) File: C:/Users/asher/Desktop/SchoolWork/ece3710/verilog/ALU.v Line: 55
Info (10041): Inferred latch for "cFlag" at ALU.v(55) File: C:/Users/asher/Desktop/SchoolWork/ece3710/verilog/ALU.v Line: 55
Info (10041): Inferred latch for "zFlag" at ALU.v(55) File: C:/Users/asher/Desktop/SchoolWork/ece3710/verilog/ALU.v Line: 55
Info (10041): Inferred latch for "Result[0]" at ALU.v(55) File: C:/Users/asher/Desktop/SchoolWork/ece3710/verilog/ALU.v Line: 55
Info (10041): Inferred latch for "Result[1]" at ALU.v(55) File: C:/Users/asher/Desktop/SchoolWork/ece3710/verilog/ALU.v Line: 55
Info (10041): Inferred latch for "Result[2]" at ALU.v(55) File: C:/Users/asher/Desktop/SchoolWork/ece3710/verilog/ALU.v Line: 55
Info (10041): Inferred latch for "Result[3]" at ALU.v(55) File: C:/Users/asher/Desktop/SchoolWork/ece3710/verilog/ALU.v Line: 55
Info (10041): Inferred latch for "Result[4]" at ALU.v(55) File: C:/Users/asher/Desktop/SchoolWork/ece3710/verilog/ALU.v Line: 55
Info (10041): Inferred latch for "Result[5]" at ALU.v(55) File: C:/Users/asher/Desktop/SchoolWork/ece3710/verilog/ALU.v Line: 55
Info (10041): Inferred latch for "Result[6]" at ALU.v(55) File: C:/Users/asher/Desktop/SchoolWork/ece3710/verilog/ALU.v Line: 55
Info (10041): Inferred latch for "Result[7]" at ALU.v(55) File: C:/Users/asher/Desktop/SchoolWork/ece3710/verilog/ALU.v Line: 55
Info (10041): Inferred latch for "Result[8]" at ALU.v(55) File: C:/Users/asher/Desktop/SchoolWork/ece3710/verilog/ALU.v Line: 55
Info (10041): Inferred latch for "Result[9]" at ALU.v(55) File: C:/Users/asher/Desktop/SchoolWork/ece3710/verilog/ALU.v Line: 55
Info (10041): Inferred latch for "Result[10]" at ALU.v(55) File: C:/Users/asher/Desktop/SchoolWork/ece3710/verilog/ALU.v Line: 55
Info (10041): Inferred latch for "Result[11]" at ALU.v(55) File: C:/Users/asher/Desktop/SchoolWork/ece3710/verilog/ALU.v Line: 55
Info (10041): Inferred latch for "Result[12]" at ALU.v(55) File: C:/Users/asher/Desktop/SchoolWork/ece3710/verilog/ALU.v Line: 55
Info (10041): Inferred latch for "Result[13]" at ALU.v(55) File: C:/Users/asher/Desktop/SchoolWork/ece3710/verilog/ALU.v Line: 55
Info (10041): Inferred latch for "Result[14]" at ALU.v(55) File: C:/Users/asher/Desktop/SchoolWork/ece3710/verilog/ALU.v Line: 55
Info (10041): Inferred latch for "Result[15]" at ALU.v(55) File: C:/Users/asher/Desktop/SchoolWork/ece3710/verilog/ALU.v Line: 55
Info (12128): Elaborating entity "seven_seg_decoder" for hierarchy "seven_seg_decoder:u0" File: C:/Users/asher/Desktop/SchoolWork/ece3710/verilog/lab1.v Line: 23
Warning (12241): 1 hierarchies have connectivity warnings - see the Connectivity Checks report folder
Info (13025): Duplicate LATCH primitives merged into single LATCH primitive
    Info (13026): Duplicate LATCH primitive "alu:Alu|Result[14]" merged with LATCH primitive "alu:Alu|Result[0]" File: C:/Users/asher/Desktop/SchoolWork/ece3710/verilog/ALU.v Line: 55
    Info (13026): Duplicate LATCH primitive "alu:Alu|Result[13]" merged with LATCH primitive "alu:Alu|Result[0]" File: C:/Users/asher/Desktop/SchoolWork/ece3710/verilog/ALU.v Line: 55
    Info (13026): Duplicate LATCH primitive "alu:Alu|Result[12]" merged with LATCH primitive "alu:Alu|Result[0]" File: C:/Users/asher/Desktop/SchoolWork/ece3710/verilog/ALU.v Line: 55
    Info (13026): Duplicate LATCH primitive "alu:Alu|Result[11]" merged with LATCH primitive "alu:Alu|Result[0]" File: C:/Users/asher/Desktop/SchoolWork/ece3710/verilog/ALU.v Line: 55
    Info (13026): Duplicate LATCH primitive "alu:Alu|Result[10]" merged with LATCH primitive "alu:Alu|Result[0]" File: C:/Users/asher/Desktop/SchoolWork/ece3710/verilog/ALU.v Line: 55
    Info (13026): Duplicate LATCH primitive "alu:Alu|Result[9]" merged with LATCH primitive "alu:Alu|Result[0]" File: C:/Users/asher/Desktop/SchoolWork/ece3710/verilog/ALU.v Line: 55
    Info (13026): Duplicate LATCH primitive "alu:Alu|Result[8]" merged with LATCH primitive "alu:Alu|Result[0]" File: C:/Users/asher/Desktop/SchoolWork/ece3710/verilog/ALU.v Line: 55
    Info (13026): Duplicate LATCH primitive "alu:Alu|Result[7]" merged with LATCH primitive "alu:Alu|Result[0]" File: C:/Users/asher/Desktop/SchoolWork/ece3710/verilog/ALU.v Line: 55
    Info (13026): Duplicate LATCH primitive "alu:Alu|Result[6]" merged with LATCH primitive "alu:Alu|Result[0]" File: C:/Users/asher/Desktop/SchoolWork/ece3710/verilog/ALU.v Line: 55
    Info (13026): Duplicate LATCH primitive "alu:Alu|Result[5]" merged with LATCH primitive "alu:Alu|Result[0]" File: C:/Users/asher/Desktop/SchoolWork/ece3710/verilog/ALU.v Line: 55
    Info (13026): Duplicate LATCH primitive "alu:Alu|Result[4]" merged with LATCH primitive "alu:Alu|Result[0]" File: C:/Users/asher/Desktop/SchoolWork/ece3710/verilog/ALU.v Line: 55
    Info (13026): Duplicate LATCH primitive "alu:Alu|Result[3]" merged with LATCH primitive "alu:Alu|Result[0]" File: C:/Users/asher/Desktop/SchoolWork/ece3710/verilog/ALU.v Line: 55
    Info (13026): Duplicate LATCH primitive "alu:Alu|Result[2]" merged with LATCH primitive "alu:Alu|Result[0]" File: C:/Users/asher/Desktop/SchoolWork/ece3710/verilog/ALU.v Line: 55
    Info (13026): Duplicate LATCH primitive "alu:Alu|Result[1]" merged with LATCH primitive "alu:Alu|Result[0]" File: C:/Users/asher/Desktop/SchoolWork/ece3710/verilog/ALU.v Line: 55
    Info (13026): Duplicate LATCH primitive "alu:Alu|Result[15]" merged with LATCH primitive "alu:Alu|Result[0]" File: C:/Users/asher/Desktop/SchoolWork/ece3710/verilog/ALU.v Line: 55
Warning (13012): Latch alu:Alu|Result[0] has unsafe behavior File: C:/Users/asher/Desktop/SchoolWork/ece3710/verilog/ALU.v Line: 55
    Warning (13013): Ports D and ENA on the latch are fed by the same signal SW[0] File: C:/Users/asher/Desktop/SchoolWork/ece3710/verilog/lab1.v Line: 2
Warning (13012): Latch alu:Alu|Flags[1] has unsafe behavior File: C:/Users/asher/Desktop/SchoolWork/ece3710/verilog/ALU.v Line: 55
    Warning (13013): Ports D and ENA on the latch are fed by the same signal SW[4] File: C:/Users/asher/Desktop/SchoolWork/ece3710/verilog/lab1.v Line: 2
Warning (13012): Latch alu:Alu|zFlag has unsafe behavior File: C:/Users/asher/Desktop/SchoolWork/ece3710/verilog/ALU.v Line: 41
    Warning (13013): Ports D and ENA on the latch are fed by the same signal SW[4] File: C:/Users/asher/Desktop/SchoolWork/ece3710/verilog/lab1.v Line: 2
Warning (13024): Output pins are stuck at VCC or GND
    Warning (13410): Pin "HEX0[0]" is stuck at GND File: C:/Users/asher/Desktop/SchoolWork/ece3710/verilog/lab1.v Line: 3
    Warning (13410): Pin "HEX0[4]" is stuck at GND File: C:/Users/asher/Desktop/SchoolWork/ece3710/verilog/lab1.v Line: 3
    Warning (13410): Pin "HEX0[5]" is stuck at GND File: C:/Users/asher/Desktop/SchoolWork/ece3710/verilog/lab1.v Line: 3
    Warning (13410): Pin "HEX0[7]" is stuck at VCC File: C:/Users/asher/Desktop/SchoolWork/ece3710/verilog/lab1.v Line: 3
    Warning (13410): Pin "HEX1[0]" is stuck at GND File: C:/Users/asher/Desktop/SchoolWork/ece3710/verilog/lab1.v Line: 4
    Warning (13410): Pin "HEX1[4]" is stuck at GND File: C:/Users/asher/Desktop/SchoolWork/ece3710/verilog/lab1.v Line: 4
    Warning (13410): Pin "HEX1[5]" is stuck at GND File: C:/Users/asher/Desktop/SchoolWork/ece3710/verilog/lab1.v Line: 4
    Warning (13410): Pin "HEX1[7]" is stuck at VCC File: C:/Users/asher/Desktop/SchoolWork/ece3710/verilog/lab1.v Line: 4
    Warning (13410): Pin "HEX2[0]" is stuck at GND File: C:/Users/asher/Desktop/SchoolWork/ece3710/verilog/lab1.v Line: 5
    Warning (13410): Pin "HEX2[4]" is stuck at GND File: C:/Users/asher/Desktop/SchoolWork/ece3710/verilog/lab1.v Line: 5
    Warning (13410): Pin "HEX2[5]" is stuck at GND File: C:/Users/asher/Desktop/SchoolWork/ece3710/verilog/lab1.v Line: 5
    Warning (13410): Pin "HEX2[7]" is stuck at VCC File: C:/Users/asher/Desktop/SchoolWork/ece3710/verilog/lab1.v Line: 5
    Warning (13410): Pin "HEX3[0]" is stuck at GND File: C:/Users/asher/Desktop/SchoolWork/ece3710/verilog/lab1.v Line: 6
    Warning (13410): Pin "HEX3[4]" is stuck at GND File: C:/Users/asher/Desktop/SchoolWork/ece3710/verilog/lab1.v Line: 6
    Warning (13410): Pin "HEX3[5]" is stuck at GND File: C:/Users/asher/Desktop/SchoolWork/ece3710/verilog/lab1.v Line: 6
    Warning (13410): Pin "HEX3[7]" is stuck at VCC File: C:/Users/asher/Desktop/SchoolWork/ece3710/verilog/lab1.v Line: 6
    Warning (13410): Pin "flags[0]" is stuck at GND File: C:/Users/asher/Desktop/SchoolWork/ece3710/verilog/lab1.v Line: 8
    Warning (13410): Pin "flags[2]" is stuck at GND File: C:/Users/asher/Desktop/SchoolWork/ece3710/verilog/lab1.v Line: 8
    Warning (13410): Pin "flags[3]" is stuck at GND File: C:/Users/asher/Desktop/SchoolWork/ece3710/verilog/lab1.v Line: 8
    Warning (13410): Pin "flags[4]" is stuck at GND File: C:/Users/asher/Desktop/SchoolWork/ece3710/verilog/lab1.v Line: 8
Info (286030): Timing-Driven Synthesis is running
Info (16010): Generating hard_block partition "hard_block:auto_generated_inst"
    Info (16011): Adding 0 node(s), including 0 DDIO, 0 PLL, 0 transceiver and 0 LCELL
Warning (21074): Design contains 2 input pin(s) that do not drive logic
    Warning (15610): No output dependent on input pin "SW[8]" File: C:/Users/asher/Desktop/SchoolWork/ece3710/verilog/lab1.v Line: 2
    Warning (15610): No output dependent on input pin "SW[9]" File: C:/Users/asher/Desktop/SchoolWork/ece3710/verilog/lab1.v Line: 2
Info (21057): Implemented 62 device resources after synthesis - the final resource count might be different
    Info (21058): Implemented 10 input pins
    Info (21059): Implemented 37 output pins
    Info (21061): Implemented 15 logic cells
Info: Quartus Prime Analysis & Synthesis was successful. 0 errors, 43 warnings
    Info: Peak virtual memory: 13391 megabytes
    Info: Processing ended: Mon Jan 12 08:33:46 2026
    Info: Elapsed time: 00:00:11
    Info: Total CPU time (on all processors): 00:00:20


